<?xml version="1.0" encoding="UTF-8"?>
<testng-results skipped="0" failed="0" ignored="0" total="2" passed="2">
  <reporter-output>
  </reporter-output>
  <suite name="Default suite" duration-ms="49" started-at="2022-10-19T16:08:23 IST" finished-at="2022-10-19T16:08:23 IST">
    <groups>
    </groups>
    <test name="Default test" duration-ms="49" started-at="2022-10-19T16:08:23 IST" finished-at="2022-10-19T16:08:23 IST">
      <class name="day15TestNGExample.Example_param7">
        <test-method status="PASS" signature="login()[pri:0, instance:day15TestNGExample.Example_param7@2a17b7b6]" name="login" duration-ms="9" started-at="2022-10-19T16:08:23 IST" description="checking login functinality of actitime application" finished-at="2022-10-19T16:08:23 IST">
          <reporter-output>
          </reporter-output>
        </test-method> <!-- login -->
        <test-method status="PASS" signature="signin()[pri:0, instance:day15TestNGExample.Example_param7@2a17b7b6]" name="signin" duration-ms="2" started-at="2022-10-19T16:08:23 IST" description="checking logOut functinality of actitime application" finished-at="2022-10-19T16:08:23 IST">
          <reporter-output>
          </reporter-output>
        </test-method> <!-- signin -->
      </class> <!-- day15TestNGExample.Example_param7 -->
    </test> <!-- Default test -->
  </suite> <!-- Default suite -->
</testng-results>
