<?xml version="1.0" encoding="UTF-8"?>
<testng-results skipped="0" failed="0" ignored="0" total="1" passed="1">
  <reporter-output>
  </reporter-output>
  <suite name="Default suite" duration-ms="593" started-at="2022-10-21T14:19:52Z" finished-at="2022-10-21T14:19:53Z">
    <groups>
    </groups>
    <test name="Default test" duration-ms="593" started-at="2022-10-21T14:19:52Z" finished-at="2022-10-21T14:19:53Z">
      <class name="data_Driven_Testing.ExcelUpdate">
        <test-method status="PASS" signature="updateCellDetails()[pri:0, instance:data_Driven_Testing.ExcelUpdate@4313f5bc]" name="updateCellDetails" duration-ms="575" started-at="2022-10-21T14:19:52Z" finished-at="2022-10-21T14:19:53Z">
          <reporter-output>
          </reporter-output>
        </test-method> <!-- updateCellDetails -->
      </class> <!-- data_Driven_Testing.ExcelUpdate -->
    </test> <!-- Default test -->
  </suite> <!-- Default suite -->
</testng-results>
